<?xml version="1.0" encoding="UTF-8"?>
<!-- Generated by org.testng.reporters.JUnitReportReporter -->
<testsuite skipped="0" hostname="puranjays-w10" name="runner.OneMeter_Automation.BaseClass" tests="1" failures="0" timestamp="2021-08-17T00:29:16 IST" time="0.010" errors="0">
  <testcase name="sampleTest" time="0.010" classname="runner.OneMeter_Automation.BaseClass"/>
  <system-out/>
</testsuite> <!-- runner.OneMeter_Automation.BaseClass -->
